
-----
Test: tests/test_login.py::test_login_user_field_is_empty (call)
Start time: 2023-08-07 20:09:11.331942
Start name method: sign_in_with_empty_login

End time: 2023-08-07 20:09:12.312793
End name method: sign_in_with_empty_login
URL: https://www.saucedemo.com/

-----

-----
Test: tests/test_login.py::test_login_password_field_is_empty (call)
Start time: 2023-08-07 20:09:13.507681
Start name method: sign_in_with_empty_password

End time: 2023-08-07 20:09:14.345425
End name method: sign_in_with_empty_password
URL: https://www.saucedemo.com/

-----

-----
Test: tests/test_login.py::test_login (call)
Start time: 2023-08-07 20:09:15.521541
Start name method: sign_in

End time: 2023-08-07 20:09:16.473080
End name method: sign_in
URL: https://www.saucedemo.com/inventory.html

-----

-----
Test: tests/smoke_test.py::test_by_product1 (call)
Start time: 2023-08-07 20:09:17.650750
Start name method: sign_in

End time: 2023-08-07 20:09:18.608392
End name method: sign_in
URL: https://www.saucedemo.com/inventory.html

-----

-----
Test: tests/smoke_test.py::test_by_product1 (call)
Start time: 2023-08-07 20:09:18.608720
Start name method: item_1_add_to_cart

End time: 2023-08-07 20:09:18.740022
End name method: item_1_add_to_cart
URL: https://www.saucedemo.com/cart.html

-----

-----
Test: tests/smoke_test.py::test_by_product1 (call)
Start time: 2023-08-07 20:09:18.740409
Start name method: to_order_item_1

End time: 2023-08-07 20:09:19.342145
End name method: to_order_item_1
URL: https://www.saucedemo.com/checkout-step-one.html

-----

-----
Test: tests/smoke_test.py::test_by_product1 (call)
Start time: 2023-08-07 20:09:19.342494
Start name method: order_data_entry

End time: 2023-08-07 20:09:20.194723
End name method: order_data_entry
URL: https://www.saucedemo.com/checkout-step-two.html

-----

-----
Test: tests/smoke_test.py::test_by_product1 (call)
Start time: 2023-08-07 20:09:20.194997
Start name method: finish_order

End time: 2023-08-07 20:09:20.836144
End name method: finish_order
URL: https://www.saucedemo.com/checkout-complete.html

-----

-----
Test: tests/smoke_test.py::test_by_product1 (call)
Start time: 2023-08-07 20:09:20.836707
Start name method: back_home

End time: 2023-08-07 20:09:21.358225
End name method: back_home
URL: https://www.saucedemo.com/inventory.html

-----
