
-----
Test: tests/test_login.py::test_login_user_field_is_empty (call)
Start time: 2023-08-07 21:43:22.944353
Start name method: sign_in_with_empty_login

End time: 2023-08-07 21:43:23.875765
End name method: sign_in_with_empty_login
URL: https://www.saucedemo.com/

-----

-----
Test: tests/test_login.py::test_login_password_field_is_empty (call)
Start time: 2023-08-07 21:43:25.069496
Start name method: sign_in_with_empty_password

End time: 2023-08-07 21:43:26.048784
End name method: sign_in_with_empty_password
URL: https://www.saucedemo.com/

-----

-----
Test: tests/test_login.py::test_login (call)
Start time: 2023-08-07 21:43:27.222917
Start name method: sign_in

End time: 2023-08-07 21:43:28.215281
End name method: sign_in
URL: https://www.saucedemo.com/inventory.html

-----

-----
Test: tests/smoke_test.py::test_by_product1 (call)
Start time: 2023-08-07 21:43:29.401632
Start name method: sign_in

End time: 2023-08-07 21:43:30.613248
End name method: sign_in
URL: https://www.saucedemo.com/inventory.html

-----

-----
Test: tests/smoke_test.py::test_by_product1 (call)
Start time: 2023-08-07 21:43:30.613638
Start name method: item_1_add_to_cart

End time: 2023-08-07 21:43:30.719193
End name method: item_1_add_to_cart
URL: https://www.saucedemo.com/cart.html

-----

-----
Test: tests/smoke_test.py::test_by_product1 (call)
Start time: 2023-08-07 21:43:30.719846
Start name method: to_order_item_1

End time: 2023-08-07 21:43:31.313697
End name method: to_order_item_1
URL: https://www.saucedemo.com/checkout-step-one.html

-----

-----
Test: tests/smoke_test.py::test_by_product1 (call)
Start time: 2023-08-07 21:43:31.314030
Start name method: order_data_entry

End time: 2023-08-07 21:43:32.129161
End name method: order_data_entry
URL: https://www.saucedemo.com/checkout-step-two.html

-----

-----
Test: tests/smoke_test.py::test_by_product1 (call)
Start time: 2023-08-07 21:43:32.129469
Start name method: finish_order

End time: 2023-08-07 21:43:32.747694
End name method: finish_order
URL: https://www.saucedemo.com/checkout-complete.html

-----

-----
Test: tests/smoke_test.py::test_by_product1 (call)
Start time: 2023-08-07 21:43:32.748066
Start name method: back_home

End time: 2023-08-07 21:43:33.275750
End name method: back_home
URL: https://www.saucedemo.com/inventory.html

-----
